\BOOKMARK [1][]{section.1}{\376\377\116\000\060\001\000\040\225\356\230\230\221\315\217\360}{}% 1
\BOOKMARK [1][]{section.2}{\376\377\116\214\060\001\000\040\152\041\127\213\120\107\213\276}{}% 2
\BOOKMARK [1][]{section.3}{\376\377\116\011\060\001\000\040\173\046\123\367\213\364\146\016}{}% 3
\BOOKMARK [1][]{section.4}{\376\377\126\333\060\001\000\040\225\356\230\230\116\000\040\024\040\024\000L\000P\000R\000\040\133\232\116\367\147\072\122\066\116\013\116\055\134\017\125\106\116\032\224\366\210\114\117\341\215\067\133\232\116\367\152\041\127\213}{}% 4
\BOOKMARK [2][]{subsection.4.1}{\376\377\0004\000.\0001\000\040\225\356\230\230\116\000\166\204\122\006\147\220}{section.4}% 5
\BOOKMARK [2][]{subsection.4.2}{\376\377\0004\000.\0002\000\040\145\160\143\156\230\204\131\004\164\006}{section.4}% 6
\BOOKMARK [2][]{subsection.4.3}{\376\377\0004\000.\0003\000\040\224\366\210\114\215\067\153\076\136\164\122\051\163\207\116\016\133\242\142\067\155\101\131\061\163\207}{section.4}% 7
\BOOKMARK [2][]{subsection.4.4}{\376\377\0004\000.\0004\000\040\127\372\116\216\226\217\147\072\150\356\147\227\166\204\117\341\215\067\230\316\226\151\221\317\123\026\152\041\127\213}{section.4}% 8
\BOOKMARK [2][]{subsection.4.5}{\376\377\0004\000.\0005\000\040\117\341\215\067\173\126\165\145\166\204\170\156\133\232}{section.4}% 9
\BOOKMARK [3][]{subsubsection.4.5.1}{\376\377\0004\000.\0005\000.\0001\000\040\215\067\153\076\122\051\163\207\166\204\170\156\133\232}{subsection.4.5}% 10
\BOOKMARK [3][]{subsubsection.4.5.2}{\376\377\0004\000.\0005\000.\0002\000\040\215\067\153\076\230\235\136\246\166\204\170\156\133\232}{subsection.4.5}% 11
\BOOKMARK [1][]{section.5}{\376\377\116\224\060\001\000\040\225\356\230\230\116\214\040\024\040\024\127\372\116\216\226\217\147\072\150\356\147\227\166\204\117\341\212\211\173\111\176\247\213\304\133\232}{}% 12
\BOOKMARK [2][]{subsection.5.1}{\376\377\0005\000.\0001\000\040\225\356\230\230\116\214\166\204\122\006\147\220}{section.5}% 13
\BOOKMARK [2][]{subsection.5.2}{\376\377\0005\000.\0002\000\040\226\217\147\072\150\356\147\227\117\341\212\211\173\111\176\247\213\304\133\232}{section.5}% 14
\BOOKMARK [3][]{subsubsection.5.2.1}{\376\377\0005\000.\0002\000.\0001\000\040\152\041\127\213\213\255\176\303}{subsection.5.2}% 15
\BOOKMARK [3][]{subsubsection.5.2.2}{\376\377\0005\000.\0002\000.\0002\000\040\117\341\212\211\213\304\176\247\122\044\133\232}{subsection.5.2}% 16
\BOOKMARK [1][]{section.6}{\376\377\121\155\060\001\000\040\225\356\230\230\116\011\040\024\040\024\127\372\116\216\147\064\175\040\215\035\123\366\145\257\166\204\145\207\147\054\122\006\174\173}{}% 17
\BOOKMARK [2][]{subsection.6.1}{\376\377\0006\000.\0001\000\040\225\356\230\230\116\011\166\204\122\006\147\220}{section.6}% 18
\BOOKMARK [2][]{subsection.6.2}{\376\377\0006\000.\0002\000\040\201\352\161\066\213\355\212\000\131\004\164\006}{section.6}% 19
\BOOKMARK [2][]{subsection.6.3}{\376\377\0006\000.\0003\000\040\147\064\175\040\215\035\123\366\145\257\145\207\147\054\122\006\174\173}{section.6}% 20
\BOOKMARK [3][]{subsubsection.6.3.1}{\376\377\0006\000.\0003\000.\0001\000\040\215\035\123\366\145\257\121\154\137\017}{subsection.6.3}% 21
\BOOKMARK [3][]{subsubsection.6.3.2}{\376\377\0006\000.\0003\000.\0002\000\040\213\315\210\213\154\325}{subsection.6.3}% 22
\BOOKMARK [3][]{subsubsection.6.3.3}{\376\377\0006\000.\0003\000.\0003\000\040\000T\000F\213\241\173\227\145\271\154\325}{subsection.6.3}% 23
\BOOKMARK [3][]{subsubsection.6.3.4}{\376\377\0006\000.\0003\000.\0004\000\040\142\311\146\156\142\311\145\257\136\163\156\321}{subsection.6.3}% 24
\BOOKMARK [2][]{subsection.6.4}{\376\377\0006\000.\0004\000\040\152\041\127\213\154\102\211\343}{section.6}% 25
\BOOKMARK [1][]{section.7}{\376\377\116\003\060\001\000\040\152\041\127\213\166\204\213\304\116\367\116\016\143\250\136\177}{}% 26
\BOOKMARK [2][]{subsection.7.1}{\376\377\0007\000.\0001\000\040\152\041\127\213\213\304\116\367}{section.7}% 27
\BOOKMARK [3][]{subsubsection.7.1.1}{\376\377\0007\000.\0001\000.\0001\000\040\152\041\127\213\117\030\160\271}{subsection.7.1}% 28
\BOOKMARK [3][]{subsubsection.7.1.2}{\376\377\0007\000.\0001\000.\0002\000\040\152\041\127\213\177\072\160\271}{subsection.7.1}% 29
\BOOKMARK [2][]{subsection.7.2}{\376\377\0007\000.\0002\000\040\152\041\127\213\143\250\136\177}{section.7}% 30
\BOOKMARK [1][]{section*.17}{\376\377\123\302\200\003\145\207\163\056}{}% 31
\BOOKMARK [1][]{附录.a.A}{\376\377\226\104\137\125\000\040\000A\000\040\145\160\143\156\230\204\131\004\164\006\116\345\123\312\143\007\150\007\165\037\142\020\040\023\000M\000A\000T\000L\000A\000B\156\220\116\343\170\001}{}% 32
\BOOKMARK [1][]{附录.a.B}{\376\377\226\104\137\125\000\040\000B\000\040\226\217\147\072\150\356\147\227\217\333\210\114\117\341\212\211\173\111\176\247\213\304\133\232\040\023\000P\000y\000t\000h\000o\000n\156\220\116\343\170\001}{}% 33
\BOOKMARK [1][]{附录.a.C}{\376\377\226\104\137\125\000\040\000C\000\040\147\064\175\040\215\035\123\366\145\257\217\333\210\114\145\207\147\054\122\006\174\173\040\023\000P\000y\000t\000h\000o\000n\156\220\116\343\170\001}{}% 34
\BOOKMARK [1][]{附录.a.D}{\376\377\226\104\137\125\000\040\000D\000\040\225\356\230\230\116\214\116\055\0003\0000\0002\133\266\117\001\116\032\117\341\212\211\213\304\176\247\176\323\147\234}{}% 35
